[2013-03-16 09:26:46] START
[2013-03-16 09:26:46] EDIT welcome/controllers/default.py: 2
[2013-10-17 10:28:12] EDIT Intro2DB/models/db.py: 48
[2013-10-17 10:28:30] EDIT Intro2DB/controllers/default.py: 48
[2013-10-17 10:31:11] EDIT Intro2DB/views/default/view_customers.html: 0
[2013-10-17 10:32:21] EDIT Intro2DB/controllers/default.py: 0
[2013-10-17 10:32:54] EDIT Intro2DB/controllers/default.py: 0
[2013-10-17 10:33:11] EDIT Intro2DB/controllers/default.py: 0
[2013-10-17 10:35:35] EDIT Intro2DB/controllers/default.py: 0
[2013-10-17 10:40:22] EDIT Intro2DB/controllers/default.py: -1
[2013-10-17 10:40:23] EDIT Intro2DB/controllers/default.py: 0
[2013-10-17 10:40:23] EDIT Intro2DB/controllers/default.py: 0
[2013-10-17 10:40:23] EDIT Intro2DB/controllers/default.py: 0
[2013-10-17 10:40:23] EDIT Intro2DB/controllers/default.py: 0
[2013-10-17 10:40:23] EDIT Intro2DB/controllers/default.py: 0
[2013-10-17 10:40:23] EDIT Intro2DB/controllers/default.py: 0
[2013-10-17 10:41:59] EDIT Intro2DB/models/db.py: 0
[2013-10-17 10:42:28] EDIT Intro2DB/controllers/default.py: 0
[2013-10-17 10:42:29] EDIT Intro2DB/controllers/default.py: 0
[2013-10-17 10:44:15] EDIT Intro2DB/controllers/default.py: 0
[2013-10-17 10:46:18] EDIT Intro2DB/controllers/default.py: 1
[2013-10-17 10:46:21] EDIT Intro2DB/controllers/default.py: 0
[2013-10-17 10:49:11] EDIT Intro2DB/views/default/add_items_to_bill.html: -1
[2013-10-17 10:49:57] EDIT Intro2DB/views/default/add_items_to_bill.html: 2
[2013-10-17 10:52:04] EDIT Intro2DB/views/default/add_items_to_bill.html: -2
[2013-10-17 10:53:40] CREATE default/add_item_to_bill.html: 0
[2013-10-17 10:53:47] EDIT Intro2DB/views/default/add_item_to_bill.html: 0
[2013-10-17 10:56:29] EDIT Intro2DB/views/default/add_items_to_bill.html: 1
[2013-10-17 10:56:34] EDIT Intro2DB/views/default/add_items_to_bill.html: 0
[2013-10-17 10:57:08] EDIT Intro2DB/views/default/add_item_to_bill.html: 1
[2013-10-17 10:57:26] EDIT Intro2DB/views/default/add_item_to_bill.html: 0
[2013-10-17 10:58:16] EDIT Intro2DB/views/default/add_item_to_bill.html: 0
[2013-10-17 10:59:43] EDIT Intro2DB/controllers/default.py: 2
[2013-10-17 11:04:54] EDIT Intro2DB/controllers/default.py: 2
[2013-10-17 11:05:28] CREATE default/calc_bill.html: 0
[2013-10-17 11:06:13] EDIT Intro2DB/views/default/calc_bill.html: 1
[2013-10-17 11:06:17] EDIT Intro2DB/views/default/calc_bill.html: 0
[2013-10-17 11:06:25] EDIT Intro2DB/views/default/calc_bill.html: 1
[2013-10-17 11:07:35] EDIT Intro2DB/views/default/calc_bill.html: -1
[2013-10-17 11:10:54] EDIT Intro2DB/controllers/default.py: 0
[2013-10-17 11:13:10] EDIT Intro2DB/controllers/default.py: 0
[2013-10-17 11:13:46] EDIT Intro2DB/controllers/default.py: 0
[2013-10-17 11:18:41] EDIT Intro2DB/views/default/calc_bill.html: -1
[2013-10-17 11:20:46] EDIT Intro2DB/controllers/default.py: 4
[2013-10-17 11:21:07] EDIT Intro2DB/views/default/calc_bill.html: 0
[2013-10-17 11:21:39] EDIT Intro2DB/controllers/default.py: 1
[2013-10-17 11:21:58] EDIT Intro2DB/controllers/default.py: 0
[2013-10-17 11:23:07] EDIT Intro2DB/controllers/default.py: 0
[2013-10-17 12:42:42] EDIT Intro2DB/controllers/default.py: 0
[2013-10-17 12:43:24] EDIT Intro2DB/controllers/default.py: 0
[2013-10-17 12:43:53] EDIT Intro2DB/controllers/default.py: 0
[2013-10-17 12:44:26] EDIT Intro2DB/controllers/default.py: 0
[2013-10-17 12:46:41] EDIT Intro2DB/controllers/default.py: 2
[2013-10-17 12:47:05] EDIT Intro2DB/controllers/default.py: 0
[2013-10-17 12:47:28] EDIT Intro2DB/controllers/default.py: -1
[2013-10-17 12:47:32] EDIT Intro2DB/controllers/default.py: 0
[2013-10-17 12:49:38] EDIT Intro2DB/controllers/default.py: 0
[2013-10-17 12:49:57] EDIT Intro2DB/controllers/default.py: 0
[2013-10-17 12:51:41] EDIT Intro2DB/controllers/default.py: 0
[2013-10-17 12:51:49] EDIT Intro2DB/controllers/default.py: 0
[2013-10-17 12:53:02] EDIT Intro2DB/controllers/default.py: 0
[2013-10-17 12:53:49] EDIT Intro2DB/controllers/default.py: 0
[2013-10-17 12:57:18] EDIT Intro2DB/views/default/add_item_to_bill.html: 0
[2013-10-17 13:00:00] EDIT Intro2DB/controllers/default.py: 1
[2013-10-17 13:00:05] EDIT Intro2DB/controllers/default.py: 0
[2013-10-17 13:00:13] EDIT Intro2DB/controllers/default.py: 0
[2013-10-17 13:03:14] EDIT Intro2DB/controllers/default.py: 1
[2013-10-17 13:03:18] EDIT Intro2DB/controllers/default.py: 1
[2013-10-17 13:03:21] EDIT Intro2DB/controllers/default.py: 0
[2013-10-17 13:04:00] EDIT Intro2DB/controllers/default.py: 3
[2013-10-17 13:05:16] CREATE default/show_bill.html: 0
[2013-10-17 13:06:09] EDIT Intro2DB/views/default/show_bill.html: -1
[2013-10-17 13:12:24] EDIT Intro2DB/views/default/show_bill.html: 10
[2013-10-17 13:12:39] EDIT Intro2DB/views/default/show_bill.html: 0
[2013-10-17 13:13:32] EDIT Intro2DB/views/default/show_bill.html: 1
[2013-10-17 13:13:54] EDIT Intro2DB/views/default/show_bill.html: 0
[2013-10-17 13:33:43] EDIT Intro2DB/views/default/show_bill.html: 1
[2013-10-17 13:34:08] EDIT Intro2DB/views/default/show_bill.html: -1
[2013-10-17 13:34:41] EDIT Intro2DB/views/default/show_bill.html: 0
[2013-10-17 13:35:47] EDIT Intro2DB/views/default/show_bill.html: 8
[2013-10-17 13:36:39] EDIT Intro2DB/views/default/show_bill.html: 0
[2013-10-17 13:36:46] EDIT Intro2DB/views/default/show_bill.html: -2
[2013-10-17 13:36:57] EDIT Intro2DB/views/default/show_bill.html: -1
[2013-10-17 13:37:44] EDIT Intro2DB/views/default/show_bill.html: 5
[2013-10-17 13:39:08] EDIT Intro2DB/views/default/show_bill.html: 2
[2013-10-17 13:39:21] EDIT Intro2DB/views/default/show_bill.html: 0
[2013-10-17 13:40:16] EDIT Intro2DB/views/default/show_bill.html: -2
[2013-10-17 13:40:51] EDIT Intro2DB/views/default/show_bill.html: 5
[2013-10-17 13:42:13] EDIT Intro2DB/views/default/show_bill.html: 0
[2013-10-17 13:43:02] EDIT Intro2DB/views/default/show_bill.html: 3
[2013-10-17 13:43:35] EDIT Intro2DB/views/default/show_bill.html: 0
[2013-10-17 13:44:18] EDIT Intro2DB/views/default/show_bill.html: 8
[2013-10-17 13:51:15] EDIT Intro2DB/views/default/show_bill.html: 8
[2013-10-17 13:54:39] EDIT Intro2DB/views/default/show_bill.html: 3
[2013-10-17 13:54:59] EDIT Intro2DB/views/default/show_bill.html: 0
[2013-10-17 13:55:14] EDIT Intro2DB/views/default/show_bill.html: 5
[2013-10-17 13:55:21] EDIT Intro2DB/views/default/show_bill.html: -1
[2013-10-17 13:55:51] EDIT Intro2DB/views/default/show_bill.html: 4
[2013-10-17 13:56:30] EDIT Intro2DB/views/default/show_bill.html: 2
[2013-10-17 13:57:28] EDIT Intro2DB/controllers/default.py: 1
[2013-10-17 13:57:42] EDIT Intro2DB/controllers/default.py: 0
[2013-10-17 13:58:32] EDIT Intro2DB/controllers/default.py: 0
[2013-10-17 14:00:40] EDIT Intro2DB/views/default/show_bill.html: 16
[2013-10-17 14:01:11] EDIT Intro2DB/views/default/show_bill.html: 0
[2013-10-17 14:01:31] EDIT Intro2DB/controllers/default.py: 0
[2013-10-21 06:51:07] CREATE default/bills.html: 0
[2013-10-21 06:51:37] EDIT Intro2DB/controllers/default.py: 3
[2013-10-21 06:56:29] EDIT Intro2DB/views/default/bills.html: 8
[2013-10-21 06:57:32] EDIT Intro2DB/views/default/bills.html: 0
[2013-10-21 06:58:42] EDIT Intro2DB/views/default/bills.html: 3
[2013-10-21 07:00:13] EDIT Intro2DB/views/default/bills.html: 0
[2013-10-21 07:01:02] EDIT Intro2DB/views/default/bills.html: 0
[2013-10-21 07:08:26] EDIT Intro2DB/views/default/bills.html: 0
[2013-10-21 07:09:01] EDIT Intro2DB/views/default/bills.html: 0
[2013-10-21 07:09:17] EDIT Intro2DB/views/default/bills.html: 0
[2013-10-21 07:09:48] EDIT Intro2DB/views/default/bills.html: 0
[2013-10-21 07:10:46] EDIT Intro2DB/views/default/bills.html: 6
[2013-10-21 07:11:04] EDIT Intro2DB/views/default/bills.html: 0
[2013-10-21 07:12:01] EDIT Intro2DB/views/default/bills.html: 17
[2013-10-21 07:12:15] EDIT Intro2DB/views/default/bills.html: 0
[2013-10-21 07:12:37] EDIT Intro2DB/views/default/bills.html: 2
[2013-10-21 07:12:41] EDIT Intro2DB/views/default/bills.html: 0
[2013-10-21 07:12:57] EDIT Intro2DB/views/default/bills.html: -2
[2013-10-21 07:13:13] EDIT Intro2DB/views/default/bills.html: 0
[2013-10-21 07:13:25] EDIT Intro2DB/views/default/bills.html: -3
[2013-10-21 07:14:31] EDIT Intro2DB/views/default/bills.html: 1
[2013-10-21 07:15:11] EDIT Intro2DB/views/default/bills.html: 0
[2013-10-21 07:16:33] EDIT Intro2DB/views/default/bills.html: 0
[2013-10-21 07:18:59] EDIT Intro2DB/views/default/add_invoice.html: 1
[2013-10-21 07:21:16] EDIT Intro2DB/controllers/default.py: 2
[2013-10-21 07:21:23] EDIT Intro2DB/controllers/default.py: 1
[2013-10-21 07:23:12] CREATE default/view_one_customer.html: 0
[2013-10-21 07:24:41] EDIT Intro2DB/controllers/default.py: 1
[2013-10-21 07:25:45] EDIT Intro2DB/controllers/default.py: 0
[2013-10-21 07:25:58] EDIT Intro2DB/views/default/view_one_customer.html: 0
[2013-10-21 07:26:24] EDIT Intro2DB/views/default/view_one_customer.html: 0
[2013-10-21 07:28:01] EDIT Intro2DB/views/default/view_one_customer.html: 7
[2013-10-21 07:29:07] EDIT Intro2DB/controllers/default.py: 3
[2013-10-21 07:29:39] EDIT Intro2DB/views/default/view_one_customer.html: 3
[2013-10-21 07:30:34] EDIT Intro2DB/controllers/default.py: 2
[2013-10-21 07:31:07] EDIT Intro2DB/controllers/default.py: 1
[2013-10-21 07:32:02] EDIT Intro2DB/controllers/default.py: 0
[2013-10-21 07:34:57] EDIT Intro2DB/views/default/view_one_customer.html: 9
[2013-10-21 07:35:28] EDIT Intro2DB/views/default/view_one_customer.html: 0
[2013-10-21 07:36:14] EDIT Intro2DB/views/default/view_one_customer.html: 2
[2013-10-21 07:40:06] EDIT Intro2DB/views/default/view_one_customer.html: 16
[2013-10-21 07:41:50] EDIT Intro2DB/views/default/view_one_customer.html: 17
[2013-10-21 07:42:12] EDIT Intro2DB/views/default/view_one_customer.html: 0
[2013-10-21 07:43:27] EDIT Intro2DB/views/default/view_one_customer.html: -4
[2013-10-21 07:45:37] EDIT Intro2DB/views/default/view_one_customer.html: 1
[2013-10-21 07:45:38] EDIT Intro2DB/views/default/view_one_customer.html: 0
[2013-10-21 07:47:27] EDIT Intro2DB/controllers/default.py: 3
[2013-10-21 07:53:13] CREATE default/view_product.html: 0
[2013-10-21 07:55:51] EDIT Intro2DB/views/default/view_product.html: 17
[2013-10-21 07:55:57] EDIT Intro2DB/views/default/view_product.html: 0
[2013-10-21 07:56:39] EDIT Intro2DB/controllers/default.py: 0
[2013-10-21 07:57:11] EDIT Intro2DB/views/default/view_product.html: 0
[2013-10-21 07:57:38] EDIT Intro2DB/views/default/view_product.html: 0
[2013-10-21 07:57:39] EDIT Intro2DB/views/default/view_product.html: 0
[2013-10-21 07:57:54] EDIT Intro2DB/views/default/view_product.html: 0
[2013-10-21 07:58:14] EDIT Intro2DB/views/default/view_product.html: 2
[2013-10-21 07:59:13] EDIT Intro2DB/views/default/view_product.html: 8
[2013-10-21 07:59:21] EDIT Intro2DB/views/default/view_product.html: 0
[2013-10-21 08:00:20] EDIT Intro2DB/views/default/view_product.html: 0
[2013-10-21 08:01:25] EDIT Intro2DB/controllers/default.py: 2
[2013-10-21 08:01:32] EDIT Intro2DB/controllers/default.py: 1
[2013-10-21 08:02:11] CREATE default/view_one_dealer.html: 0
[2013-10-21 08:05:46] EDIT Intro2DB/views/default/view_one_dealer.html: 21
[2013-10-21 08:06:43] EDIT Intro2DB/views/default/view_one_dealer.html: 10
[2013-10-21 08:06:48] EDIT Intro2DB/views/default/view_one_dealer.html: 0
[2013-10-21 08:07:08] EDIT Intro2DB/views/default/view_one_dealer.html: 0
[2013-10-21 08:07:22] EDIT Intro2DB/views/default/view_one_dealer.html: 0
[2013-10-21 08:08:22] EDIT Intro2DB/views/default/view_one_dealer.html: 1
[2013-10-21 08:09:04] EDIT Intro2DB/views/default/view_one_dealer.html: 1
[2013-10-21 08:09:15] EDIT Intro2DB/views/default/view_one_dealer.html: 0
[2013-10-21 08:11:31] EDIT Intro2DB/views/default/view_products.html: 0
[2013-10-21 08:13:46] EDIT Intro2DB/views/default/view_dealers.html: 0
[2013-10-21 08:14:52] EDIT Intro2DB/controllers/default.py: 2
[2013-10-21 08:16:05] EDIT Intro2DB/controllers/default.py: -2
[2013-10-21 08:17:09] EDIT Intro2DB/views/default/onepage.html: 5
[2013-10-21 08:18:12] EDIT Intro2DB/views/default/onepage.html: 0
[2013-10-21 08:18:17] EDIT Intro2DB/views/default/onepage.html: 0
[2013-10-21 08:20:32] EDIT Intro2DB/models/db.py: 2
[2013-10-21 08:22:21] EDIT Intro2DB/models/db.py: 0
[2013-10-21 08:24:37] EDIT Intro2DB/models/db.py: -5
[2013-10-21 08:24:38] EDIT Intro2DB/models/db.py: 0
[2013-10-21 08:24:38] EDIT Intro2DB/models/db.py: 0
[2013-10-21 08:24:41] EDIT Intro2DB/models/db.py: 0
[2013-10-21 08:24:56] EDIT Intro2DB/models/db.py: -2
[2013-10-21 08:25:36] EDIT Intro2DB/models/db.py: 0
[2013-10-21 08:31:15] EDIT Intro2DB/controllers/default.py: 0
[2013-10-21 08:32:56] EDIT Intro2DB/views/default/show_bill.html: 0
[2013-10-21 08:33:28] EDIT Intro2DB/views/default/show_bill.html: 1
[2013-10-21 08:33:55] EDIT Intro2DB/views/default/show_bill.html: 0
[2013-10-21 08:34:17] EDIT Intro2DB/views/default/show_bill.html: 1
[2013-10-21 08:34:25] EDIT Intro2DB/views/default/show_bill.html: 1
[2013-10-21 08:34:51] EDIT Intro2DB/views/default/show_bill.html: 0
[2013-10-25 23:01:45] EDIT Intro2DB/controllers/default.py: 10
[2013-10-25 23:02:16] EDIT Intro2DB/controllers/default.py: -1
[2013-10-25 23:02:53] EDIT Intro2DB/controllers/default.py: 0
[2013-10-25 23:04:12] EDIT Intro2DB/controllers/default.py: 0
[2013-10-25 23:04:42] EDIT Intro2DB/controllers/default.py: 0
[2013-10-25 23:05:01] EDIT Intro2DB/controllers/default.py: 0
[2013-10-25 23:06:50] EDIT Intro2DB/controllers/default.py: 0
[2013-10-25 23:08:47] EDIT Intro2DB/controllers/default.py: 0
[2013-10-25 23:09:42] EDIT Intro2DB/controllers/default.py: 0
[2013-10-26 10:17:38] EDIT Intro2DB/views/default/show_bill.html: 7
[2013-10-26 10:18:12] EDIT Intro2DB/views/default/show_bill.html: 0
[2013-10-26 10:18:23] EDIT Intro2DB/views/default/show_bill.html: 0
[2013-10-26 10:18:45] EDIT Intro2DB/views/default/show_bill.html: 0
[2013-10-26 10:19:14] EDIT Intro2DB/views/default/show_bill.html: 0
[2013-10-26 10:19:30] EDIT Intro2DB/views/default/show_bill.html: 0
[2013-10-26 10:19:54] EDIT Intro2DB/views/default/show_bill.html: 0
[2013-10-26 10:20:36] EDIT Intro2DB/views/default/show_bill.html: 0
[2013-10-26 10:23:36] EDIT Intro2DB/views/default/show_bill.html: 0
[2013-10-26 10:24:16] EDIT Intro2DB/views/default/show_bill.html: 0
[2013-10-26 10:24:39] EDIT Intro2DB/views/default/show_bill.html: 0
[2013-10-26 10:25:18] EDIT Intro2DB/views/default/show_bill.html: 0
[2013-10-26 10:25:45] EDIT Intro2DB/views/default/show_bill.html: 0
[2013-10-26 10:26:00] EDIT Intro2DB/views/default/show_bill.html: 0
[2013-10-26 10:26:24] EDIT Intro2DB/views/default/show_bill.html: 0
[2013-10-26 10:26:42] EDIT Intro2DB/views/default/show_bill.html: 0
[2013-10-26 10:27:22] CREATE invoice.html: 0
[2013-10-26 10:28:26] EDIT Intro2DB/views/invoice.html: -2
[2013-10-26 10:31:13] EDIT Intro2DB/controllers/default.py: 3
[2013-10-26 10:31:40] EDIT Intro2DB/controllers/default.py: 1
[2013-10-26 10:34:48] EDIT Intro2DB/controllers/default.py: 0
[2013-10-26 10:35:38] EDIT Intro2DB/views/default/show_bill.html: 0
[2013-10-26 10:35:43] EDIT Intro2DB/views/default/show_bill.html: 0
[2013-10-26 10:36:13] EDIT Intro2DB/views/default/show_bill.html: 0
[2013-10-26 10:37:05] CREATE default/invoice.html: 0
[2013-10-26 10:39:03] EDIT Intro2DB/controllers/default.py: 0
[2013-10-26 10:39:17] EDIT Intro2DB/controllers/default.py: 0
[2013-10-26 11:00:27] EDIT Intro2DB/controllers/default.py: 1
[2013-10-26 11:00:27] EDIT Intro2DB/controllers/default.py: 0
[2013-10-26 11:01:46] EDIT Intro2DB/controllers/default.py: 1
[2013-10-26 11:02:15] EDIT Intro2DB/controllers/default.py: 0
[2013-10-26 11:02:50] EDIT Intro2DB/controllers/default.py: -1
[2013-10-26 11:03:23] EDIT Intro2DB/views/default/show_bill.html: 0
[2013-10-26 11:03:28] EDIT Intro2DB/views/default/show_bill.html: 0
[2013-10-26 11:06:11] EDIT Intro2DB/controllers/default.py: 4
[2013-10-26 11:07:01] EDIT Intro2DB/controllers/default.py: 0
[2013-10-26 12:02:08] EDIT Intro2DB/controllers/default.py: 28
[2013-10-26 12:02:41] EDIT Intro2DB/controllers/default.py: 1
[2013-10-26 12:02:55] EDIT Intro2DB/controllers/default.py: 0
[2013-10-26 12:04:55] EDIT Intro2DB/controllers/default.py: -24
[2013-10-26 12:04:57] EDIT Intro2DB/controllers/default.py: 0
[2013-10-26 12:07:18] EDIT Intro2DB/controllers/default.py: 0
[2013-10-26 12:07:28] EDIT Intro2DB/controllers/default.py: 0
[2013-10-26 12:07:53] EDIT Intro2DB/views/default/invoice.html: -2
[2013-10-26 12:09:30] EDIT Intro2DB/views/default/invoice.html: 77
[2013-10-26 12:09:36] EDIT Intro2DB/views/default/invoice.html: 0
[2013-10-26 12:10:57] EDIT Intro2DB/controllers/default.py: 3
[2013-10-26 12:11:01] EDIT Intro2DB/controllers/default.py: 0
[2013-10-26 12:11:23] EDIT Intro2DB/controllers/default.py: 0
[2013-10-26 12:12:10] EDIT Intro2DB/controllers/default.py: 0
[2013-10-26 12:23:41] EDIT Intro2DB/views/default/show_bill.html: 2
[2013-10-26 12:25:52] EDIT Intro2DB/views/default/show_bill.html: -17
[2013-10-26 12:26:38] EDIT Intro2DB/views/default/show_bill.html: 0
[2013-10-26 12:29:38] EDIT Intro2DB/views/default/show_bill.html: 1
[2013-10-26 12:31:59] EDIT Intro2DB/views/default/show_bill.html: 6
[2013-10-26 12:32:52] EDIT Intro2DB/views/default/show_bill.html: -1
[2013-10-26 12:34:59] EDIT Intro2DB/views/default/show_bill.html: 6
[2013-10-26 12:36:06] EDIT Intro2DB/views/default/show_bill.html: 3
[2013-10-26 12:36:46] EDIT Intro2DB/views/default/show_bill.html: -3
[2013-10-26 12:37:09] EDIT Intro2DB/views/default/show_bill.html: 0
[2013-10-26 12:37:44] EDIT Intro2DB/views/default/show_bill.html: 1
[2013-10-26 12:38:27] EDIT Intro2DB/views/default/show_bill.html: 2
[2013-10-26 12:38:40] EDIT Intro2DB/views/default/show_bill.html: 1
[2013-10-26 12:38:44] EDIT Intro2DB/views/default/show_bill.html: 1
[2013-10-26 12:38:47] EDIT Intro2DB/views/default/show_bill.html: 1
[2013-10-26 12:39:12] EDIT Intro2DB/views/default/show_bill.html: -3
[2013-10-26 12:39:23] EDIT Intro2DB/views/default/show_bill.html: 0
[2013-10-26 12:39:36] EDIT Intro2DB/views/default/show_bill.html: 0
[2013-10-26 12:39:55] EDIT Intro2DB/views/default/show_bill.html: 0
[2013-10-26 12:40:08] EDIT Intro2DB/views/default/show_bill.html: 0
[2013-10-26 12:41:52] EDIT Intro2DB/views/default/invoice.html: 0
[2013-10-26 12:42:36] EDIT Intro2DB/views/default/invoice.html: 0
[2013-10-26 12:42:57] EDIT Intro2DB/views/default/invoice.html: 0
[2013-10-26 12:43:58] EDIT Intro2DB/views/default/invoice.html: 0
[2013-10-26 12:44:39] EDIT Intro2DB/views/default/invoice.html: 1
[2013-10-26 12:45:32] EDIT Intro2DB/views/default/invoice.html: 1
[2013-10-26 12:45:37] EDIT Intro2DB/views/default/invoice.html: 0
[2013-10-26 12:50:47] EDIT Intro2DB/views/default/invoice.html: 1
[2013-10-26 12:52:02] EDIT Intro2DB/views/default/show_bill.html: 1
[2013-10-26 12:52:18] EDIT Intro2DB/views/default/show_bill.html: 0
[2013-10-26 12:52:49] EDIT Intro2DB/views/default/show_bill.html: 0
[2013-10-26 12:53:05] EDIT Intro2DB/views/default/show_bill.html: 0
[2013-10-26 12:53:54] EDIT Intro2DB/views/default/show_bill.html: 0
[2013-10-26 12:54:42] EDIT Intro2DB/views/default/invoice.html: 0
[2013-10-26 12:55:44] EDIT Intro2DB/views/default/invoice.html: -1
[2013-10-26 12:57:03] EDIT Intro2DB/views/default/invoice.html: 1
[2013-10-26 12:57:10] EDIT Intro2DB/views/default/invoice.html: 0
[2013-10-26 12:58:09] EDIT Intro2DB/views/default/show_bill.html: 1
[2013-10-26 12:58:45] EDIT Intro2DB/views/default/show_bill.html: -1
[2013-10-26 13:02:07] EDIT Intro2DB/views/default/show_bill.html: 1
[2013-10-26 13:02:18] EDIT Intro2DB/views/default/show_bill.html: -1
[2013-10-26 13:03:24] EDIT Intro2DB/views/default/show_bill.html: 0
[2013-10-26 13:03:34] EDIT Intro2DB/views/default/show_bill.html: 0
[2013-10-26 13:05:23] EDIT Intro2DB/views/default/show_bill.html: 1
[2013-10-26 13:05:28] EDIT Intro2DB/views/default/show_bill.html: 0
[2013-10-26 13:05:58] EDIT Intro2DB/views/default/show_bill.html: 0
[2013-10-26 13:08:22] EDIT Intro2DB/views/default/show_bill.html: 0
[2013-10-26 13:08:25] EDIT Intro2DB/views/default/show_bill.html: 0
[2013-10-26 13:08:40] EDIT Intro2DB/views/default/show_bill.html: 0
[2013-10-26 13:08:42] EDIT Intro2DB/views/default/show_bill.html: 0
[2013-10-26 13:11:33] EDIT Intro2DB/views/default/show_bill.html: 1
[2013-10-26 13:14:46] EDIT Intro2DB/views/default/show_bill.html: -2
[2013-10-26 13:14:55] EDIT Intro2DB/views/default/show_bill.html: 0
[2013-10-26 13:15:10] EDIT Intro2DB/views/default/show_bill.html: 0
[2013-10-26 13:16:41] EDIT Intro2DB/views/default/show_bill.html: 1
[2013-10-26 13:18:08] EDIT Intro2DB/views/default/show_bill.html: 0
[2013-10-26 13:18:19] EDIT Intro2DB/views/default/show_bill.html: -1
[2013-10-26 13:18:28] EDIT Intro2DB/views/default/show_bill.html: 0
[2013-10-26 13:20:04] EDIT Intro2DB/views/default/show_bill.html: 0
[2013-10-26 13:20:15] EDIT Intro2DB/views/default/show_bill.html: 0
[2013-10-26 13:20:24] EDIT Intro2DB/views/default/show_bill.html: 0
[2013-10-26 13:23:47] EDIT Intro2DB/views/default/show_bill.html: 0
[2013-10-26 13:23:54] EDIT Intro2DB/views/default/show_bill.html: 0
[2013-10-26 13:24:03] EDIT Intro2DB/views/default/show_bill.html: 0
[2013-10-26 13:24:20] EDIT Intro2DB/views/default/show_bill.html: 0
[2013-10-26 13:28:19] UPLOAD /home/brat/web2py/applications/Intro2DB/private/layout2.html: 134
[2013-10-26 13:28:31] DELETE Intro2DB/private/layout2.html: -134
[2013-10-26 13:35:08] DELETE Intro2DB/views/plugin_layouts/layouts/Industrial.html: -542
[2013-10-26 13:40:21] EDIT Intro2DB/views/layout.html: -443
[2013-10-26 13:40:23] EDIT Intro2DB/views/layout.html: 0
[2013-10-26 13:41:51] EDIT Intro2DB/views/layout.html: 443
[2013-10-26 14:50:19] EDIT Intro2DB/views/layout.html: -7
[2013-10-26 14:50:19] EDIT Intro2DB/views/layout.html: 0
[2013-10-26 15:17:56] EDIT Intro2DB/views/plugin_layouts/layouts/TinyBlue.html: -7
[2013-10-26 15:17:59] EDIT Intro2DB/views/plugin_layouts/layouts/TinyBlue.html: 0
[2013-10-26 15:19:17] EDIT Intro2DB/static/plugin_layouts/layouts/TinyBlue/styles.css: 0
[2013-10-26 15:19:17] EDIT Intro2DB/static/plugin_layouts/layouts/TinyBlue/styles.css: 0
[2013-10-26 15:20:42] EDIT Intro2DB/static/plugin_layouts/layouts/TinyBlue/styles.css: 0
[2013-10-26 15:21:45] EDIT Intro2DB/views/layout.html: -7
[2013-10-26 15:24:03] EDIT Intro2DB/views/layout.html: 1
[2013-10-26 15:24:13] EDIT Intro2DB/views/layout.html: 0
[2013-10-26 15:26:05] EDIT Intro2DB/views/layout.html: 0
[2013-10-26 15:34:24] EDIT Intro2DB/views/layout.html: -7
[2013-10-26 15:39:40] EDIT Intro2DB/views/layout.html: 1
[2013-10-26 15:40:32] EDIT Intro2DB/views/layout.html: 0
[2013-10-26 15:40:59] EDIT Intro2DB/views/layout.html: -1
[2013-10-26 15:41:13] EDIT Intro2DB/views/layout.html: 1
[2013-10-26 15:41:58] EDIT Intro2DB/views/layout.html: 0
[2013-10-26 15:42:22] EDIT Intro2DB/views/layout.html: 0
[2013-10-26 15:42:29] EDIT Intro2DB/views/layout.html: 0
[2013-10-26 15:42:35] EDIT Intro2DB/views/layout.html: 0
[2013-10-26 15:42:43] EDIT Intro2DB/views/layout.html: 0
[2013-10-26 15:43:51] EDIT Intro2DB/views/layout.html: 0
[2013-10-26 15:44:14] EDIT Intro2DB/views/layout.html: 0
[2013-10-26 15:44:53] EDIT Intro2DB/views/layout.html: 0
[2013-10-26 15:45:07] EDIT Intro2DB/views/layout.html: 0
[2013-10-26 15:45:07] EDIT Intro2DB/views/layout.html: 0
[2013-10-26 15:46:16] EDIT Intro2DB/views/layout.html: -1
[2013-10-26 15:57:01] EDIT Intro2DB/views/default/bills.html: -6
[2013-10-26 15:57:18] EDIT Intro2DB/views/default/bills.html: 3
[2013-10-26 15:57:53] EDIT Intro2DB/views/default/bills.html: 3
[2013-10-26 15:58:07] EDIT Intro2DB/views/default/bills.html: 0
[2013-10-26 15:58:44] EDIT Intro2DB/views/default/bills.html: 0
[2013-10-26 15:58:44] EDIT Intro2DB/views/default/bills.html: 0
[2013-10-26 15:59:13] EDIT Intro2DB/views/default/bills.html: 0
[2013-10-26 16:01:26] EDIT Intro2DB/controllers/default.py: 8
[2013-10-26 16:01:29] EDIT Intro2DB/controllers/default.py: 0
[2013-10-26 16:02:20] EDIT Intro2DB/controllers/default.py: 0
[2013-10-26 16:06:13] EDIT Intro2DB/controllers/default.py: 2
[2013-10-26 16:07:19] EDIT Intro2DB/controllers/default.py: -1
[2013-10-26 16:07:47] EDIT Intro2DB/views/default/view_customers.html: 1
[2013-10-26 16:10:05] EDIT Intro2DB/controllers/default.py: 4
[2013-10-26 16:12:39] EDIT Intro2DB/controllers/default.py: 0
[2013-10-26 16:12:48] EDIT Intro2DB/controllers/default.py: 0
[2013-10-26 16:13:23] EDIT Intro2DB/controllers/default.py: 0
[2013-10-26 16:13:27] EDIT Intro2DB/controllers/default.py: 0
[2013-10-26 16:13:28] EDIT Intro2DB/controllers/default.py: 0
[2013-10-26 16:13:28] EDIT Intro2DB/controllers/default.py: 0
[2013-10-26 16:13:54] EDIT Intro2DB/views/default/view_customers.html: 1
[2013-10-26 16:14:33] EDIT Intro2DB/controllers/default.py: 0
[2013-10-26 16:14:33] EDIT Intro2DB/controllers/default.py: 0
[2013-10-26 16:18:27] EDIT Intro2DB/controllers/default.py: 1
[2013-10-26 16:18:48] EDIT Intro2DB/controllers/default.py: 0
[2013-10-26 16:18:50] EDIT Intro2DB/controllers/default.py: 0
[2013-10-26 16:18:54] EDIT Intro2DB/controllers/default.py: 0
[2013-10-26 16:19:15] EDIT Intro2DB/controllers/default.py: 0
[2013-10-26 16:22:52] EDIT Intro2DB/controllers/default.py: -1
[2013-10-26 16:23:48] EDIT Intro2DB/controllers/default.py: 0
[2013-10-26 16:24:44] EDIT Intro2DB/controllers/default.py: 0
[2013-10-26 16:25:26] EDIT Intro2DB/controllers/default.py: 2
[2013-10-26 16:27:47] EDIT Intro2DB/controllers/default.py: 5
[2013-10-26 16:27:59] EDIT Intro2DB/controllers/default.py: 0
[2013-10-26 16:28:24] EDIT Intro2DB/controllers/default.py: 0
[2013-10-26 16:29:21] EDIT Intro2DB/controllers/default.py: 0
[2013-10-26 16:29:45] EDIT Intro2DB/controllers/default.py: 0
[2013-10-26 16:30:17] EDIT Intro2DB/controllers/default.py: 0
[2013-10-26 16:30:44] EDIT Intro2DB/controllers/default.py: 0
[2013-10-26 16:32:10] EDIT Intro2DB/controllers/default.py: 0
[2013-10-26 16:32:16] EDIT Intro2DB/controllers/default.py: 0
[2013-10-26 16:32:20] EDIT Intro2DB/controllers/default.py: 0
[2013-10-26 16:32:26] EDIT Intro2DB/controllers/default.py: 0
[2013-10-26 16:32:41] EDIT Intro2DB/controllers/default.py: 0
[2013-10-26 16:34:08] EDIT Intro2DB/controllers/default.py: 0
[2013-10-26 16:35:03] EDIT Intro2DB/controllers/default.py: 0
[2013-10-26 16:35:09] EDIT Intro2DB/controllers/default.py: 0
[2013-10-26 16:36:49] EDIT Intro2DB/controllers/default.py: 1
[2013-10-26 16:37:20] EDIT Intro2DB/controllers/default.py: 3
[2013-10-26 16:37:44] CREATE default/searched_customers.html: 0
[2013-10-26 16:40:19] EDIT Intro2DB/controllers/default.py: 0
[2013-10-26 16:41:33] EDIT Intro2DB/controllers/default.py: 1
[2013-10-26 16:45:57] EDIT Intro2DB/controllers/default.py: 3
[2013-10-26 16:46:15] EDIT Intro2DB/controllers/default.py: 0
[2013-10-26 16:46:31] EDIT Intro2DB/controllers/default.py: 0
[2013-10-26 16:48:17] EDIT Intro2DB/controllers/default.py: 0
[2013-10-26 17:23:37] EDIT Intro2DB/controllers/default.py: -2
[2013-10-26 17:23:44] EDIT Intro2DB/controllers/default.py: 1
[2013-10-26 17:25:19] EDIT Intro2DB/controllers/default.py: 1
[2013-10-26 17:25:52] EDIT Intro2DB/controllers/default.py: 0
[2013-10-26 17:26:02] EDIT Intro2DB/controllers/default.py: 0
[2013-10-26 17:26:02] EDIT Intro2DB/controllers/default.py: 0
[2013-10-26 17:26:52] EDIT Intro2DB/controllers/default.py: 0
[2013-10-26 17:27:16] EDIT Intro2DB/controllers/default.py: 0
[2013-10-26 17:27:17] EDIT Intro2DB/controllers/default.py: 0
[2013-10-26 17:27:56] EDIT Intro2DB/controllers/default.py: 1
[2013-10-26 17:29:01] EDIT Intro2DB/controllers/default.py: 0
[2013-10-26 17:30:03] EDIT Intro2DB/controllers/default.py: 1
[2013-10-26 17:32:58] EDIT Intro2DB/controllers/default.py: 0
[2013-10-26 17:33:37] EDIT Intro2DB/controllers/default.py: 0
[2013-10-26 17:33:53] EDIT Intro2DB/controllers/default.py: 0
[2013-10-26 17:34:41] EDIT Intro2DB/controllers/default.py: 0
[2013-10-26 17:38:56] EDIT Intro2DB/controllers/default.py: -1
[2013-10-26 17:40:26] EDIT Intro2DB/controllers/default.py: 1
[2013-10-26 17:40:43] EDIT Intro2DB/controllers/default.py: -1
[2013-10-26 17:41:07] EDIT Intro2DB/controllers/default.py: 0
[2013-10-26 17:41:31] EDIT Intro2DB/controllers/default.py: 1
[2013-10-26 17:42:02] EDIT Intro2DB/controllers/default.py: 1
[2013-10-26 17:42:30] EDIT Intro2DB/controllers/default.py: 1
[2013-10-26 17:42:47] EDIT Intro2DB/controllers/default.py: 0
[2013-10-26 17:43:09] EDIT Intro2DB/controllers/default.py: 0
[2013-10-26 17:44:03] EDIT Intro2DB/controllers/default.py: 0
[2013-10-26 17:45:22] EDIT Intro2DB/controllers/default.py: 0
[2013-10-26 17:45:32] EDIT Intro2DB/controllers/default.py: 0
[2013-10-26 17:49:24] EDIT Intro2DB/controllers/default.py: -2
[2013-10-26 17:49:24] EDIT Intro2DB/controllers/default.py: 0
[2013-10-26 17:49:52] EDIT Intro2DB/controllers/default.py: 0
[2013-10-26 17:50:00] EDIT Intro2DB/controllers/default.py: 0
[2013-10-26 17:51:17] EDIT Intro2DB/controllers/default.py: -3
[2013-10-26 17:51:38] EDIT Intro2DB/controllers/default.py: 0
[2013-10-26 17:52:02] EDIT Intro2DB/controllers/default.py: 0
[2013-10-26 17:52:03] EDIT Intro2DB/controllers/default.py: 0
[2013-10-26 17:52:03] EDIT Intro2DB/controllers/default.py: 0
[2013-10-26 17:52:03] EDIT Intro2DB/controllers/default.py: 0
[2013-10-26 17:52:04] EDIT Intro2DB/controllers/default.py: 0
[2013-10-26 17:52:52] EDIT Intro2DB/controllers/default.py: 0
[2013-10-26 17:53:12] EDIT Intro2DB/controllers/default.py: 0
[2013-10-26 17:54:59] EDIT Intro2DB/views/default/view_customers.html: -3
[2013-10-26 17:55:07] EDIT Intro2DB/views/default/view_customers.html: 0
[2013-10-26 18:26:43] EDIT Intro2DB/controllers/default.py: 16
[2013-10-26 18:27:03] EDIT Intro2DB/controllers/default.py: 0
[2013-10-26 18:27:20] EDIT Intro2DB/controllers/default.py: 0
[2013-10-26 18:27:37] EDIT Intro2DB/controllers/default.py: 0
[2013-10-26 18:29:12] EDIT Intro2DB/controllers/default.py: 0
[2013-10-26 18:29:55] EDIT Intro2DB/controllers/default.py: 2
[2013-10-26 18:30:01] EDIT Intro2DB/controllers/default.py: 0
[2013-10-26 18:30:34] EDIT Intro2DB/controllers/default.py: 0
[2013-10-26 18:31:58] EDIT Intro2DB/controllers/default.py: 1
[2013-10-26 18:32:00] EDIT Intro2DB/controllers/default.py: 0
[2013-10-26 18:32:56] EDIT Intro2DB/controllers/default.py: 2
[2013-10-26 18:34:20] EDIT Intro2DB/controllers/default.py: 2
[2013-10-26 18:34:28] EDIT Intro2DB/controllers/default.py: 0
[2013-10-26 18:35:27] EDIT Intro2DB/controllers/default.py: -1
[2013-10-26 18:35:46] EDIT Intro2DB/controllers/default.py: 0
[2013-10-26 18:36:02] EDIT Intro2DB/controllers/default.py: 0
[2013-10-26 18:36:32] EDIT Intro2DB/controllers/default.py: -1
[2013-10-26 18:37:47] EDIT Intro2DB/controllers/default.py: 0
[2013-10-26 18:42:37] EDIT Intro2DB/controllers/default.py: 1
[2013-10-26 18:43:11] EDIT Intro2DB/controllers/default.py: 0
[2013-10-26 18:43:29] EDIT Intro2DB/controllers/default.py: 0
[2013-10-26 18:43:41] EDIT Intro2DB/controllers/default.py: 0
[2013-10-26 18:44:03] EDIT Intro2DB/controllers/default.py: 0
[2013-10-26 18:45:02] EDIT Intro2DB/controllers/default.py: -4
[2013-10-26 18:45:33] EDIT Intro2DB/controllers/default.py: 0
[2013-10-26 18:45:33] EDIT Intro2DB/controllers/default.py: 0
[2013-10-26 18:45:35] EDIT Intro2DB/controllers/default.py: 0
[2013-10-26 18:45:36] EDIT Intro2DB/controllers/default.py: 0
[2013-10-26 18:45:36] EDIT Intro2DB/controllers/default.py: 0
[2013-10-26 18:53:53] EDIT Intro2DB/controllers/default.py: 0
[2013-10-26 18:53:53] EDIT Intro2DB/controllers/default.py: 0
[2013-10-26 18:54:29] EDIT Intro2DB/controllers/default.py: 0
[2013-10-26 18:55:30] EDIT Intro2DB/controllers/default.py: 1
[2013-10-26 18:55:51] EDIT Intro2DB/controllers/default.py: 0
[2013-10-26 18:56:08] EDIT Intro2DB/controllers/default.py: 0
[2013-10-26 18:57:57] EDIT Intro2DB/controllers/default.py: 0
[2013-10-26 18:59:48] EDIT Intro2DB/views/default/searched_customers.html: 0
[2013-10-26 19:01:13] EDIT Intro2DB/controllers/default.py: 4
[2013-10-26 19:01:14] EDIT Intro2DB/controllers/default.py: 0
[2013-10-26 19:01:14] EDIT Intro2DB/controllers/default.py: 0
[2013-10-26 19:01:38] EDIT Intro2DB/views/default/searched_customers.html: 0
[2013-10-26 19:01:38] EDIT Intro2DB/views/default/searched_customers.html: 0
[2013-10-26 19:01:55] EDIT Intro2DB/views/default/searched_customers.html: 0
[2013-10-26 19:02:25] EDIT Intro2DB/views/default/view_customers.html: 0
[2013-10-26 19:05:07] EDIT Intro2DB/views/default/searched_customers.html: 39
[2013-10-26 19:05:08] EDIT Intro2DB/views/default/searched_customers.html: 0
[2013-10-26 19:07:32] EDIT Intro2DB/views/default/searched_customers.html: 0
[2013-10-26 19:08:08] EDIT Intro2DB/views/default/searched_customers.html: 0
[2013-10-26 19:11:55] EDIT Intro2DB/controllers/default.py: 5
[2013-10-26 19:13:21] EDIT Intro2DB/controllers/default.py: 3
[2013-10-26 19:13:22] EDIT Intro2DB/controllers/default.py: 0
[2013-10-26 19:13:22] EDIT Intro2DB/controllers/default.py: 0
[2013-10-26 19:14:54] EDIT Intro2DB/controllers/default.py: 3
[2013-10-26 19:14:54] EDIT Intro2DB/controllers/default.py: 0
[2013-10-26 19:15:10] EDIT Intro2DB/controllers/default.py: 0
[2013-10-26 19:15:13] EDIT Intro2DB/controllers/default.py: 0
[2013-10-26 19:15:17] EDIT Intro2DB/controllers/default.py: 0
[2013-10-26 19:15:28] EDIT Intro2DB/controllers/default.py: 0
[2013-10-26 19:15:29] EDIT Intro2DB/controllers/default.py: 0
[2013-10-26 19:15:29] EDIT Intro2DB/controllers/default.py: 0
[2013-10-26 19:15:34] EDIT Intro2DB/controllers/default.py: 0
[2013-10-26 19:15:34] EDIT Intro2DB/controllers/default.py: 0
[2013-10-26 19:15:56] EDIT Intro2DB/views/default/bills.html: 1
[2013-10-26 19:16:54] EDIT Intro2DB/controllers/default.py: -22
[2013-10-26 19:17:23] EDIT Intro2DB/controllers/default.py: 0
[2013-10-26 19:17:24] EDIT Intro2DB/controllers/default.py: 0
[2013-10-26 19:17:48] EDIT Intro2DB/controllers/default.py: 0
[2013-10-26 19:18:12] EDIT Intro2DB/controllers/default.py: 14
[2013-10-26 19:19:15] EDIT Intro2DB/controllers/default.py: 0
[2013-10-26 19:19:15] EDIT Intro2DB/controllers/default.py: 0
[2013-10-26 19:19:30] EDIT Intro2DB/controllers/default.py: 0
[2013-10-26 19:19:31] EDIT Intro2DB/controllers/default.py: 0
[2013-10-26 19:19:31] EDIT Intro2DB/controllers/default.py: 0
[2013-10-26 19:20:07] EDIT Intro2DB/controllers/default.py: 0
[2013-10-26 19:20:15] EDIT Intro2DB/controllers/default.py: 0
[2013-10-26 19:20:49] EDIT Intro2DB/controllers/default.py: 1
[2013-10-26 19:21:27] EDIT Intro2DB/controllers/default.py: -1
[2013-10-26 19:22:10] EDIT Intro2DB/controllers/default.py: 1
[2013-10-26 19:22:14] EDIT Intro2DB/controllers/default.py: 0
[2013-10-26 19:22:24] EDIT Intro2DB/controllers/default.py: 0
[2013-10-26 19:22:53] EDIT Intro2DB/controllers/default.py: 0
[2013-10-26 19:22:57] EDIT Intro2DB/controllers/default.py: 0
[2013-10-26 19:23:53] EDIT Intro2DB/controllers/default.py: -21
[2013-10-26 19:23:53] EDIT Intro2DB/controllers/default.py: 0
[2013-10-26 19:24:14] EDIT Intro2DB/controllers/default.py: 0
[2013-10-26 19:25:52] EDIT Intro2DB/views/default/bills.html: 1
[2013-10-26 19:26:15] EDIT Intro2DB/views/default/bills.html: 1
[2013-10-26 19:26:27] EDIT Intro2DB/views/default/bills.html: 0
[2013-10-26 19:26:40] EDIT Intro2DB/views/default/bills.html: 0
[2013-10-26 19:29:21] EDIT Intro2DB/controllers/default.py: 8
[2013-10-26 19:29:46] EDIT Intro2DB/controllers/default.py: 1
[2013-10-26 19:30:09] EDIT Intro2DB/controllers/default.py: 0
[2013-10-26 19:31:38] EDIT Intro2DB/controllers/default.py: 0
[2013-10-26 19:34:24] EDIT Intro2DB/controllers/default.py: -5
[2013-10-26 19:34:26] EDIT Intro2DB/controllers/default.py: 0
[2013-10-26 19:34:29] EDIT Intro2DB/controllers/default.py: 0
[2013-10-26 19:34:55] EDIT Intro2DB/controllers/default.py: 0
[2013-10-26 19:35:42] EDIT Intro2DB/controllers/default.py: 2
[2013-10-26 19:50:00] EDIT Intro2DB/controllers/default.py: 0
[2013-10-26 19:50:40] EDIT Intro2DB/controllers/default.py: 0
[2013-10-26 19:51:45] EDIT Intro2DB/controllers/default.py: 0
[2013-10-26 19:53:27] EDIT Intro2DB/controllers/default.py: 0
[2013-10-26 19:53:47] EDIT Intro2DB/controllers/default.py: 0
[2013-10-26 19:55:42] EDIT Intro2DB/controllers/default.py: 6
[2013-10-26 19:55:47] EDIT Intro2DB/controllers/default.py: 0
[2013-10-26 19:55:55] EDIT Intro2DB/controllers/default.py: 0
[2013-10-26 19:56:27] EDIT Intro2DB/controllers/default.py: 2
[2013-10-26 19:57:18] EDIT Intro2DB/controllers/default.py: -1
[2013-10-26 19:58:05] EDIT Intro2DB/controllers/default.py: 3
[2013-10-26 19:58:33] EDIT Intro2DB/views/default/view_customers.html: 1
[2013-10-26 19:59:44] EDIT Intro2DB/controllers/default.py: 1
[2013-10-26 20:00:36] EDIT Intro2DB/controllers/default.py: 2
[2013-10-26 20:00:53] EDIT Intro2DB/controllers/default.py: 1
[2013-10-26 20:01:04] EDIT Intro2DB/controllers/default.py: 1
[2013-10-26 20:02:11] EDIT Intro2DB/controllers/default.py: 0
[2013-10-26 20:02:30] EDIT Intro2DB/views/default/view_customers.html: 0
[2013-10-26 20:02:34] EDIT Intro2DB/views/default/view_customers.html: 0
[2013-10-26 20:03:13] EDIT Intro2DB/controllers/default.py: 1
[2013-10-26 20:03:33] EDIT Intro2DB/controllers/default.py: 0
[2013-10-26 20:03:51] EDIT Intro2DB/controllers/default.py: 0
[2013-10-26 20:03:53] EDIT Intro2DB/controllers/default.py: 0
[2013-10-26 20:05:48] EDIT Intro2DB/controllers/default.py: 0
[2013-10-26 20:05:52] EDIT Intro2DB/controllers/default.py: 0
[2013-10-26 20:06:15] EDIT Intro2DB/controllers/default.py: 0
[2013-10-26 20:06:49] EDIT Intro2DB/controllers/default.py: 1
[2013-10-26 20:07:08] EDIT Intro2DB/controllers/default.py: -1
[2013-10-26 20:09:30] EDIT Intro2DB/controllers/default.py: 0
[2013-10-26 20:09:38] EDIT Intro2DB/controllers/default.py: 0
[2013-10-26 20:12:15] EDIT Intro2DB/views/default/view_products.html: 0
[2013-10-26 20:12:29] EDIT Intro2DB/views/default/view_products.html: 5
[2013-10-26 20:12:57] EDIT Intro2DB/views/default/view_products.html: 4
[2013-10-26 20:13:05] EDIT Intro2DB/views/default/view_products.html: 0
[2013-10-26 20:13:43] EDIT Intro2DB/views/default/view_products.html: 4
[2013-10-26 20:15:14] EDIT Intro2DB/views/default/view_products.html: 0
[2013-10-26 20:15:19] EDIT Intro2DB/views/default/view_products.html: 0
[2013-10-26 20:15:31] EDIT Intro2DB/views/default/view_products.html: 0
[2013-10-26 20:20:04] EDIT Intro2DB/controllers/default.py: 25
[2013-10-26 20:20:10] EDIT Intro2DB/controllers/default.py: 0
[2013-10-26 20:20:20] EDIT Intro2DB/controllers/default.py: 0
[2013-10-26 20:20:33] EDIT Intro2DB/controllers/default.py: 0
[2013-10-26 20:21:06] EDIT Intro2DB/controllers/default.py: 0
[2013-10-26 20:21:15] EDIT Intro2DB/controllers/default.py: 0
[2013-10-26 20:21:59] EDIT Intro2DB/controllers/default.py: -2
[2013-10-26 20:22:06] EDIT Intro2DB/controllers/default.py: 0
[2013-10-26 20:22:12] EDIT Intro2DB/controllers/default.py: 0
[2013-10-26 20:22:31] EDIT Intro2DB/controllers/default.py: 0
[2013-10-26 20:22:49] EDIT Intro2DB/controllers/default.py: 0
[2013-10-26 20:23:05] EDIT Intro2DB/controllers/default.py: 0
[2013-10-26 20:25:15] EDIT Intro2DB/views/default/view_products.html: 7
[2013-10-26 20:26:41] EDIT Intro2DB/controllers/default.py: 0
[2013-10-26 20:26:49] EDIT Intro2DB/controllers/default.py: 0
[2013-10-26 20:27:07] EDIT Intro2DB/controllers/default.py: 0
[2013-10-26 20:27:07] EDIT Intro2DB/controllers/default.py: 0
[2013-10-26 20:28:02] EDIT Intro2DB/controllers/default.py: 1
[2013-10-26 20:29:21] EDIT Intro2DB/controllers/default.py: 16
[2013-10-26 20:29:45] EDIT Intro2DB/controllers/default.py: 0
[2013-10-26 20:29:50] EDIT Intro2DB/controllers/default.py: 0
[2013-10-26 20:30:00] EDIT Intro2DB/controllers/default.py: 0
[2013-10-26 20:30:03] EDIT Intro2DB/controllers/default.py: 0
[2013-10-26 20:30:07] EDIT Intro2DB/controllers/default.py: 0
[2013-10-26 20:30:24] EDIT Intro2DB/controllers/default.py: 0
[2013-10-26 20:31:38] CREATE default/searched_products.html: 0
[2013-10-26 20:32:55] EDIT Intro2DB/views/default/searched_products.html: 36
[2013-10-26 20:33:10] EDIT Intro2DB/views/default/searched_products.html: 0
[2013-10-26 20:34:04] EDIT Intro2DB/views/default/searched_products.html: 3
[2013-10-26 20:34:34] EDIT Intro2DB/controllers/default.py: 0
[2013-10-26 20:34:37] EDIT Intro2DB/controllers/default.py: 0
[2013-10-26 20:34:57] EDIT Intro2DB/controllers/default.py: 0
[2013-10-26 20:35:16] EDIT Intro2DB/controllers/default.py: 0
[2013-10-26 20:36:01] EDIT Intro2DB/views/default/searched_products.html: 0
[2013-10-26 20:37:37] EDIT Intro2DB/views/default/bills.html: 0
[2013-10-26 20:38:11] EDIT Intro2DB/views/default/bills.html: 1
[2013-10-26 20:39:01] EDIT Intro2DB/controllers/default.py: 9
[2013-10-26 20:39:03] EDIT Intro2DB/controllers/default.py: 0
[2013-10-26 20:39:18] EDIT Intro2DB/views/default/bills.html: -1
[2013-10-26 20:40:44] EDIT Intro2DB/controllers/default.py: -1
[2013-10-26 20:41:17] EDIT Intro2DB/views/default/bills.html: 1
[2013-10-26 20:41:23] EDIT Intro2DB/views/default/bills.html: -1
[2013-10-26 20:44:01] EDIT Intro2DB/views/default/show_bill.html: 1
[2013-10-26 20:44:19] EDIT Intro2DB/views/default/show_bill.html: 0
[2013-10-26 20:44:20] EDIT Intro2DB/views/default/show_bill.html: 0
[2013-10-26 20:44:20] EDIT Intro2DB/views/default/show_bill.html: 0
[2013-10-26 20:44:26] EDIT Intro2DB/views/default/show_bill.html: -3
[2013-10-26 20:45:09] EDIT Intro2DB/views/default/show_bill.html: 3
[2013-10-26 20:46:09] EDIT Intro2DB/controllers/default.py: 2
[2013-10-26 20:47:24] EDIT Intro2DB/views/default/show_bill.html: 0
[2013-10-26 20:47:41] EDIT Intro2DB/views/default/show_bill.html: 1
[2013-10-26 20:48:26] EDIT Intro2DB/views/default/show_bill.html: -2
[2013-10-26 20:50:03] EDIT Intro2DB/views/default/show_bill.html: 6
[2013-10-26 20:50:33] EDIT Intro2DB/views/default/show_bill.html: 0
[2013-10-26 20:50:57] EDIT Intro2DB/views/default/show_bill.html: 0
[2013-10-26 20:51:32] EDIT Intro2DB/views/default/show_bill.html: 0
[2013-10-26 20:52:10] EDIT Intro2DB/views/default/show_bill.html: 0
[2013-10-26 20:52:26] EDIT Intro2DB/views/default/show_bill.html: 0
[2013-10-26 20:52:35] EDIT Intro2DB/views/default/show_bill.html: 0
[2013-10-26 20:52:53] EDIT Intro2DB/views/default/show_bill.html: 0
[2013-10-26 20:53:52] EDIT Intro2DB/views/default/show_bill.html: 0
[2013-10-26 20:55:24] EDIT Intro2DB/controllers/default.py: 1
[2013-10-26 20:55:24] EDIT Intro2DB/controllers/default.py: 0
[2013-10-26 20:55:29] EDIT Intro2DB/controllers/default.py: 0
[2013-10-26 20:55:30] EDIT Intro2DB/controllers/default.py: 0
[2013-10-26 20:56:20] EDIT Intro2DB/views/default/show_bill.html: 0
[2013-10-26 20:56:30] EDIT Intro2DB/views/default/show_bill.html: 0
[2013-10-26 20:56:38] EDIT Intro2DB/views/default/show_bill.html: 0
[2013-10-26 20:57:09] EDIT Intro2DB/views/default/show_bill.html: -3
[2013-10-26 20:58:41] EDIT Intro2DB/controllers/default.py: 0
[2013-10-26 20:58:52] EDIT Intro2DB/views/default/show_bill.html: 0
[2013-10-26 20:58:52] EDIT Intro2DB/views/default/show_bill.html: 0
[2013-10-26 20:59:04] EDIT Intro2DB/views/default/show_bill.html: 0
[2013-10-26 21:01:55] EDIT Spencers/views/default/view_dealers.html: 3
[2013-10-26 21:04:11] EDIT Spencers/views/default/view_dealers.html: 11
[2013-10-26 21:04:22] EDIT Spencers/views/default/view_dealers.html: 3
[2013-10-26 21:04:37] EDIT Spencers/views/default/view_dealers.html: 0
[2013-10-26 21:05:30] EDIT Spencers/views/default/view_dealers.html: 0
[2013-10-26 21:06:19] EDIT Spencers/views/default/view_dealers.html: 0
[2013-10-26 21:09:08] EDIT Spencers/controllers/default.py: -10
[2013-10-26 21:09:55] EDIT Spencers/views/default/invoice.html: 0
[2013-10-26 21:10:02] EDIT Spencers/views/default/invoice.html: 0
[2013-10-26 21:11:49] EDIT Spencers/views/default/show_bill.html: 0
[2013-10-26 21:11:49] EDIT Spencers/views/default/show_bill.html: 0
[2013-10-26 21:13:04] EDIT Spencers/views/default/show_bill.html: 1
[2013-10-26 21:13:20] EDIT Spencers/views/default/show_bill.html: 0
[2013-10-26 21:13:20] EDIT Spencers/views/default/show_bill.html: 0
[2013-10-26 21:13:39] EDIT Spencers/views/default/show_bill.html: 0
[2013-10-26 21:13:50] EDIT Spencers/views/default/show_bill.html: -1
[2013-10-26 21:14:50] EDIT Spencers/views/default/show_bill.html: 1
[2013-10-26 21:14:51] EDIT Spencers/views/default/show_bill.html: 0
[2013-10-26 21:15:03] EDIT Spencers/views/default/invoice.html: 0
[2013-10-26 21:16:20] EDIT Spencers/views/layout.html: 1
[2013-10-26 21:17:12] EDIT Spencers/views/layout.html: 0
[2013-10-26 21:17:12] EDIT Spencers/views/layout.html: 0
[2013-10-26 21:17:12] EDIT Spencers/views/layout.html: 0
[2013-10-26 21:17:28] EDIT Spencers/views/layout.html: 0
[2013-10-26 21:17:28] EDIT Spencers/views/layout.html: 0
[2013-10-26 21:17:38] EDIT Spencers/views/layout.html: 0
[2013-10-26 23:47:28] EDIT Spencers/models/menu.py: 0
[2013-10-26 23:48:16] EDIT Spencers/models/menu.py: 0
[2013-10-26 23:48:17] EDIT Spencers/models/menu.py: 0
[2013-10-26 23:48:17] EDIT Spencers/models/menu.py: 0
[2013-10-26 23:51:01] EDIT Spencers/models/menu.py: 1
[2013-10-26 23:51:17] EDIT Spencers/models/menu.py: 0
[2013-10-26 23:52:40] EDIT Spencers/models/menu.py: -2
[2013-10-26 23:53:47] EDIT Spencers/models/menu.py: -98
[2013-10-26 23:54:29] EDIT Spencers/models/menu.py: 0
[2013-10-26 23:54:53] EDIT Spencers/models/menu.py: -1
[2013-10-26 23:55:05] EDIT Spencers/models/menu.py: 1
[2013-10-26 23:55:16] EDIT Spencers/models/menu.py: 0
[2013-10-26 23:55:26] EDIT Spencers/models/menu.py: 0
[2013-10-26 23:56:46] EDIT Spencers/models/menu.py: 0
[2013-10-26 23:57:09] EDIT Spencers/models/menu.py: 0
[2013-10-27 00:19:06] EDIT Spencers/views/default/show_bill.html: -1
[2013-10-27 00:19:21] EDIT Spencers/views/default/show_bill.html: 0
[2013-10-27 00:20:28] EDIT Spencers/views/default/show_bill.html: 0
[2013-10-27 00:20:42] EDIT Spencers/views/default/show_bill.html: 0
[2013-10-27 00:22:01] EDIT Spencers/views/default/show_bill.html: -1
[2013-10-27 00:22:22] EDIT Spencers/views/default/invoice.html: 0
[2013-10-27 00:22:24] EDIT Spencers/views/default/invoice.html: 0
[2013-10-27 00:22:24] EDIT Spencers/views/default/invoice.html: 0
[2013-10-27 00:24:45] EDIT Spencers/views/default/invoice.html: 0
[2013-10-27 00:25:23] EDIT Spencers/views/default/invoice.html: 1
[2013-10-27 00:49:53] CREATE default/invoice2.html: 0
[2013-10-27 00:54:43] EDIT Spencers/views/default/invoice2.html: 151
[2013-10-27 00:55:06] EDIT Spencers/views/default/invoice2.html: -12
[2013-10-27 00:55:28] EDIT Spencers/views/default/invoice2.html: -5
[2013-10-27 00:56:47] EDIT Spencers/views/default/invoice2.html: 1
[2013-10-27 00:56:51] EDIT Spencers/views/default/invoice2.html: 0
[2013-10-27 00:56:51] EDIT Spencers/views/default/invoice2.html: 0
[2013-10-27 00:57:06] EDIT Spencers/views/default/invoice2.html: 1
[2013-10-27 00:58:43] EDIT Spencers/views/default/invoice2.html: 6
[2013-10-27 00:59:12] EDIT Spencers/views/default/invoice2.html: -1
[2013-10-27 01:00:21] EDIT Spencers/views/default/invoice2.html: -18
[2013-10-27 01:00:25] EDIT Spencers/views/default/invoice2.html: 0
[2013-10-27 01:00:25] EDIT Spencers/views/default/invoice2.html: 0
[2013-10-27 01:01:04] EDIT Spencers/views/default/invoice2.html: -1
[2013-10-27 01:01:15] EDIT Spencers/views/default/invoice2.html: 0
[2013-10-27 01:03:25] EDIT Spencers/views/default/invoice2.html: 0
[2013-10-27 01:03:33] EDIT Spencers/views/default/invoice2.html: -5
[2013-10-27 01:03:34] EDIT Spencers/views/default/invoice2.html: 0
[2013-10-27 01:05:00] EDIT Spencers/controllers/default.py: 0
[2013-10-27 01:05:50] EDIT Spencers/views/default/invoice2.html: 1
[2013-10-27 02:01:42] EDIT Spencers/views/default/invoice.html: 0
[2013-10-27 02:39:21] EDIT Spencers/controllers/default.py: 2
[2013-10-27 02:39:48] EDIT Spencers/controllers/default.py: 0
[2013-10-27 02:40:42] EDIT Spencers/controllers/default.py: 1
[2013-10-27 02:41:02] CREATE default/edit_product.html: 0
[2013-10-27 02:41:24] EDIT Spencers/views/default/edit_product.html: 0
[2013-10-27 02:41:27] EDIT Spencers/views/default/edit_product.html: 0
[2013-10-27 02:42:03] EDIT Spencers/controllers/default.py: 0
[2013-10-27 02:42:33] EDIT Spencers/controllers/default.py: 1
[2013-10-27 02:42:50] EDIT Spencers/views/default/edit_product.html: 0
[2013-10-27 02:43:29] EDIT Spencers/controllers/default.py: 0
[2013-10-27 02:48:32] EDIT Spencers/views/default/view_product.html: 1
[2013-10-27 02:48:57] EDIT Spencers/views/default/view_product.html: 2
[2013-10-27 02:51:19] EDIT Spencers/views/default/view_product.html: 0
[2013-10-27 02:51:32] EDIT Spencers/views/default/view_product.html: 0
[2013-10-27 02:52:36] EDIT Spencers/controllers/default.py: 4
[2013-10-27 02:52:36] EDIT Spencers/controllers/default.py: 0
[2013-10-27 02:53:24] EDIT Spencers/controllers/default.py: 0
[2013-10-27 02:53:53] CREATE default/edit_customer.html: 0
[2013-10-27 02:54:23] EDIT Spencers/views/default/edit_customer.html: 0
[2013-10-27 02:56:00] EDIT Spencers/views/default/view_one_customer.html: 3
[2013-10-27 02:57:53] EDIT Spencers/controllers/default.py: 0
[2013-10-27 02:57:55] EDIT Spencers/controllers/default.py: 0
[2013-10-27 02:58:33] EDIT Spencers/controllers/default.py: -2
[2013-10-27 03:00:15] EDIT Spencers/controllers/default.py: 0
[2013-10-27 03:01:11] EDIT Spencers/views/default/view_one_customer.html: 2
[2013-10-27 03:03:26] EDIT Spencers/controllers/default.py: 12
[2013-10-27 03:04:47] EDIT Spencers/controllers/default.py: 2
[2013-10-27 03:04:48] EDIT Spencers/controllers/default.py: 0
[2013-10-27 03:04:48] EDIT Spencers/controllers/default.py: 0
[2013-10-27 03:04:49] EDIT Spencers/controllers/default.py: 0
[2013-10-27 03:06:43] EDIT Spencers/controllers/default.py: 3
[2013-10-27 03:07:16] EDIT Spencers/controllers/default.py: 0
[2013-10-27 03:07:19] CREATE default/feedback.html: 0
[2013-10-27 03:08:11] EDIT Spencers/views/default/feedback.html: 0
[2013-10-27 03:09:02] EDIT Spencers/controllers/default.py: 4
[2013-10-27 03:09:07] EDIT Spencers/controllers/default.py: 1
[2013-10-27 03:09:29] EDIT Spencers/views/default/feedback.html: 0
[2013-10-27 03:10:10] CREATE default/view_feedback.html: 0
[2013-10-27 03:12:12] EDIT Spencers/views/default/view_feedback.html: 13
[2013-10-27 03:12:22] EDIT Spencers/views/default/view_feedback.html: 1
[2013-10-27 03:12:46] EDIT Spencers/views/default/view_feedback.html: 0
[2013-10-27 03:13:20] EDIT Spencers/controllers/default.py: 0
[2013-10-27 03:13:26] EDIT Spencers/controllers/default.py: 0
[2013-10-27 03:13:42] EDIT Spencers/views/default/view_feedback.html: 0
[2013-10-27 03:14:20] EDIT Spencers/views/default/view_feedback.html: 11
[2013-10-27 03:14:30] EDIT Spencers/views/default/view_feedback.html: 0
[2013-10-27 03:15:18] EDIT Spencers/controllers/default.py: 0
[2013-10-27 03:15:19] EDIT Spencers/controllers/default.py: 0
[2013-10-27 03:16:25] EDIT Spencers/controllers/default.py: 5
[2013-10-27 03:17:20] CREATE default/edit_dealer.html: 0
[2013-10-27 03:17:45] EDIT Spencers/views/default/edit_dealer.html: 0
[2013-10-27 03:18:14] EDIT Spencers/views/default/edit_dealer.html: 0
[2013-10-27 03:19:25] EDIT Spencers/views/default/view_one_dealer.html: 6
[2013-10-27 03:19:58] EDIT Spencers/controllers/default.py: 0
[2013-10-27 03:20:00] EDIT Spencers/controllers/default.py: 0
[2013-10-27 03:20:44] EDIT Spencers/controllers/default.py: 0
[2013-10-27 03:22:48] EDIT Spencers/controllers/default.py: 0
[2013-10-27 03:22:51] EDIT Spencers/controllers/default.py: 0
[2013-10-27 03:25:24] EDIT Spencers/controllers/default.py: 3
[2013-10-27 03:25:59] EDIT Spencers/controllers/default.py: 3
[2013-10-27 03:26:46] EDIT Spencers/controllers/default.py: 3
[2013-10-29 06:44:25] EDIT Spencers/controllers/default.py: 2
[2013-10-29 06:44:51] CREATE default/user_manual.html: 0
[2013-10-29 06:45:26] EDIT Spencers/views/default/user_manual.html: 1
[2013-10-29 06:45:26] EDIT Spencers/views/default/user_manual.html: 0
[2013-10-29 06:48:29] EDIT Spencers/views/default/user_manual.html: 0
[2013-10-29 06:52:56] EDIT Spencers/models/menu.py: 2
[2013-10-29 18:05:21] EDIT Spencers/models/menu.py: 1
[2013-10-29 18:09:03] EDIT Spencers/controllers/default.py: 0
[2013-10-29 18:09:50] EDIT Spencers/models/menu.py: 0
[2013-10-29 18:10:08] EDIT Spencers/models/menu.py: 0
[2013-10-29 18:10:08] EDIT Spencers/models/menu.py: 0
[2013-10-29 18:11:27] EDIT Spencers/views/default/onepage.html: 5
[2013-10-29 18:11:42] EDIT Spencers/views/default/onepage.html: 0
[2013-10-29 18:11:42] EDIT Spencers/views/default/onepage.html: 0
[2013-10-29 18:12:51] EDIT Spencers/views/default/onepage.html: 2
[2013-10-29 18:12:51] EDIT Spencers/views/default/onepage.html: 0
[2013-10-29 18:13:17] EDIT Spencers/views/default/onepage.html: 0
[2013-10-29 18:13:41] EDIT Spencers/views/default/onepage.html: 0
[2013-10-29 18:21:39] EDIT Spencers/models/menu.py: -1
[2013-10-29 19:08:07] EDIT Spencers/models/db.py: 0
[2013-10-29 19:08:44] EDIT Spencers/models/db.py: 0
[2013-10-29 19:09:14] EDIT Spencers/models/db.py: 0
[2013-10-29 19:09:35] EDIT Spencers/models/db.py: 0
[2013-10-29 19:10:02] EDIT Spencers/models/db.py: 0
[2013-10-29 19:10:26] EDIT Spencers/models/db.py: 0
[2013-10-29 19:22:59] EDIT Spencers/models/db.py: 0
[2013-10-29 19:23:43] EDIT Spencers/models/db.py: 0
[2013-10-29 19:24:03] EDIT Spencers/models/db.py: 0
[2013-10-29 19:37:33] EDIT Spencers/models/db.py: 0
[2013-10-29 19:40:17] EDIT Spencers/models/db.py: 0
[2013-10-29 19:40:17] EDIT Spencers/models/db.py: 0
[2013-10-29 19:40:17] EDIT Spencers/models/db.py: 0
[2013-10-29 19:40:17] EDIT Spencers/models/db.py: 0
[2013-10-29 19:40:17] EDIT Spencers/models/db.py: 0
[2013-10-29 19:40:17] EDIT Spencers/models/db.py: 0
[2013-10-29 19:40:17] EDIT Spencers/models/db.py: 0
[2013-10-29 19:40:35] EDIT Spencers/models/db.py: 0
[2013-10-29 19:40:50] EDIT Spencers/models/db.py: 0
[2013-10-29 19:41:18] EDIT Spencers/models/db.py: 0
[2013-10-29 19:41:22] EDIT Spencers/models/db.py: 0
[2013-10-29 19:41:22] EDIT Spencers/models/db.py: 0
[2013-10-29 19:41:22] EDIT Spencers/models/db.py: 0
[2013-10-29 19:41:22] EDIT Spencers/models/db.py: 0
[2013-10-29 19:41:22] EDIT Spencers/models/db.py: 0
[2013-10-29 19:44:48] EDIT Spencers/models/db.py: 0
[2013-10-29 19:45:20] EDIT Spencers/models/db.py: 0
[2013-10-29 19:46:54] EDIT Spencers/models/db.py: 0
[2013-10-29 19:48:12] EDIT Spencers/models/db.py: 0
[2013-10-29 19:48:41] EDIT Spencers/models/db.py: 0
[2013-10-29 19:49:28] EDIT Spencers/models/db.py: 0
[2013-10-29 19:49:31] EDIT Spencers/models/db.py: 0
[2013-10-29 19:49:49] EDIT Spencers/models/db.py: 0
[2013-10-29 19:49:58] EDIT Spencers/models/db.py: 0
[2013-10-29 19:49:59] EDIT Spencers/models/db.py: 0
[2013-10-29 19:50:07] EDIT Spencers/models/db.py: 0
[2013-10-29 19:52:30] EDIT Spencers/models/menu.py: 0
[2013-10-29 19:52:40] EDIT Spencers/models/menu.py: 0
[2013-10-29 19:52:41] EDIT Spencers/models/menu.py: 0
[2013-10-29 19:52:41] EDIT Spencers/models/menu.py: 0
[2013-10-29 19:52:41] EDIT Spencers/models/menu.py: 0
[2013-10-29 19:56:43] EDIT Spencers/models/db.py: 0
[2013-10-29 19:56:44] EDIT Spencers/models/db.py: 0
[2013-10-29 19:56:54] EDIT Spencers/models/db.py: 0
[2013-10-29 19:58:38] EDIT Spencers/controllers/default.py: 0
