timestamp: 2013-10-21T08:22:32.540202
CREATE TABLE auth_user(
    id INT AUTO_INCREMENT NOT NULL,
    first_name VARCHAR(128),
    last_name VARCHAR(128),
    email VARCHAR(512),
    password VARCHAR(512),
    registration_key VARCHAR(512),
    reset_password_key VARCHAR(512),
    registration_id VARCHAR(512),
    PRIMARY KEY(id)
) ENGINE=InnoDB CHARACTER SET utf8;
success!
timestamp: 2013-10-21T08:22:32.770028
CREATE TABLE auth_group(
    id INT AUTO_INCREMENT NOT NULL,
    role VARCHAR(512),
    description LONGTEXT,
    PRIMARY KEY(id)
) ENGINE=InnoDB CHARACTER SET utf8;
success!
timestamp: 2013-10-21T08:22:32.966989
CREATE TABLE auth_membership(
    id INT AUTO_INCREMENT NOT NULL,
    user_id INT, INDEX user_id__idx (user_id), FOREIGN KEY (user_id) REFERENCES auth_user (id) ON DELETE CASCADE,
    group_id INT, INDEX group_id__idx (group_id), FOREIGN KEY (group_id) REFERENCES auth_group (id) ON DELETE CASCADE,
    PRIMARY KEY(id)
) ENGINE=InnoDB CHARACTER SET utf8;
success!
timestamp: 2013-10-21T08:22:33.245541
CREATE TABLE auth_permission(
    id INT AUTO_INCREMENT NOT NULL,
    group_id INT, INDEX group_id__idx (group_id), FOREIGN KEY (group_id) REFERENCES auth_group (id) ON DELETE CASCADE,
    name VARCHAR(512),
    table_name VARCHAR(512),
    record_id INT,
    PRIMARY KEY(id)
) ENGINE=InnoDB CHARACTER SET utf8;
success!
timestamp: 2013-10-21T08:22:33.455442
CREATE TABLE auth_event(
    id INT AUTO_INCREMENT NOT NULL,
    time_stamp DATETIME,
    client_ip VARCHAR(512),
    user_id INT, INDEX user_id__idx (user_id), FOREIGN KEY (user_id) REFERENCES auth_user (id) ON DELETE CASCADE,
    origin VARCHAR(512),
    description LONGTEXT,
    PRIMARY KEY(id)
) ENGINE=InnoDB CHARACTER SET utf8;
success!
timestamp: 2013-10-21T08:22:33.652497
CREATE TABLE auth_cas(
    id INT AUTO_INCREMENT NOT NULL,
    user_id INT, INDEX user_id__idx (user_id), FOREIGN KEY (user_id) REFERENCES auth_user (id) ON DELETE CASCADE,
    created_on DATETIME,
    service VARCHAR(512),
    ticket VARCHAR(512),
    renew CHAR(1),
    PRIMARY KEY(id)
) ENGINE=InnoDB CHARACTER SET utf8;
success!
timestamp: 2013-10-21T08:22:33.944364
CREATE TABLE DEALERS(
    id INT AUTO_INCREMENT NOT NULL,
    dealer_name VARCHAR(512),
    office_add LONGTEXT,
    ship_add LONGTEXT,
    mobile VARCHAR(512),
    email VARCHAR(512),
    created_by INT, INDEX created_by__idx (created_by), FOREIGN KEY (created_by) REFERENCES auth_user (id) ON DELETE CASCADE,
    created_on DATETIME,
    PRIMARY KEY(id)
) ENGINE=InnoDB CHARACTER SET utf8;
success!
timestamp: 2013-10-21T08:22:34.141422
CREATE TABLE PRODUCTS(
    id INT AUTO_INCREMENT NOT NULL,
    item_name VARCHAR(512),
    mrp INT NOT NULL,
    discount INT,
    dealer INT, INDEX dealer__idx (dealer), FOREIGN KEY (dealer) REFERENCES DEALERS (id) ON DELETE CASCADE,
    created_by INT, INDEX created_by__idx (created_by), FOREIGN KEY (created_by) REFERENCES auth_user (id) ON DELETE CASCADE,
    created_on DATETIME,
    PRIMARY KEY(id)
) ENGINE=InnoDB CHARACTER SET utf8;
success!
timestamp: 2013-10-21T08:22:34.386700
CREATE TABLE CUSTOMERS(
    id INT AUTO_INCREMENT NOT NULL,
    cust_name VARCHAR(512),
    address LONGTEXT,
    mobile VARCHAR(512),
    email VARCHAR(512),
    created_by INT, INDEX created_by__idx (created_by), FOREIGN KEY (created_by) REFERENCES auth_user (id) ON DELETE CASCADE,
    created_on DATETIME,
    PRIMARY KEY(id)
) ENGINE=InnoDB CHARACTER SET utf8;
success!
timestamp: 2013-10-21T08:22:34.583240
CREATE TABLE FBACK(
    id INT AUTO_INCREMENT NOT NULL,
    name VARCHAR(512),
    email VARCHAR(512),
    Feedback LONGTEXT,
    PRIMARY KEY(id)
) ENGINE=InnoDB CHARACTER SET utf8;
success!
timestamp: 2013-10-21T08:22:34.782480
CREATE TABLE BILLS(
    id INT AUTO_INCREMENT NOT NULL,
    customer INT, INDEX customer__idx (customer), FOREIGN KEY (customer) REFERENCES CUSTOMERS (id) ON DELETE CASCADE,
    total INT,
    net_total INT,
    created_by INT, INDEX created_by__idx (created_by), FOREIGN KEY (created_by) REFERENCES auth_user (id) ON DELETE CASCADE,
    created_on DATETIME,
    PRIMARY KEY(id)
) ENGINE=InnoDB CHARACTER SET utf8;
success!
timestamp: 2013-10-21T08:22:35.087799
CREATE TABLE BILLITEMS(
    id INT AUTO_INCREMENT NOT NULL,
    bill INT, INDEX bill__idx (bill), FOREIGN KEY (bill) REFERENCES BILLS (id) ON DELETE CASCADE,
    product INT, INDEX product__idx (product), FOREIGN KEY (product) REFERENCES PRODUCTS (id) ON DELETE CASCADE,
    quantity INT,
    PRIMARY KEY(id)
) ENGINE=InnoDB CHARACTER SET utf8;
success!
timestamp: 2013-10-21T08:24:58.538777
ALTER TABLE DEALERS DROP COLUMN created_by;
timestamp: 2013-10-21T08:25:01.164074
ALTER TABLE DEALERS DROP COLUMN created_by;
timestamp: 2013-10-21T08:25:37.609413
CREATE TABLE auth_user(
    id INT AUTO_INCREMENT NOT NULL,
    first_name VARCHAR(128),
    last_name VARCHAR(128),
    email VARCHAR(512),
    password VARCHAR(512),
    registration_key VARCHAR(512),
    reset_password_key VARCHAR(512),
    registration_id VARCHAR(512),
    PRIMARY KEY(id)
) ENGINE=InnoDB CHARACTER SET utf8;
success!
timestamp: 2013-10-21T08:25:37.824838
CREATE TABLE auth_group(
    id INT AUTO_INCREMENT NOT NULL,
    role VARCHAR(512),
    description LONGTEXT,
    PRIMARY KEY(id)
) ENGINE=InnoDB CHARACTER SET utf8;
success!
timestamp: 2013-10-21T08:25:38.030714
CREATE TABLE auth_membership(
    id INT AUTO_INCREMENT NOT NULL,
    user_id INT, INDEX user_id__idx (user_id), FOREIGN KEY (user_id) REFERENCES auth_user (id) ON DELETE CASCADE,
    group_id INT, INDEX group_id__idx (group_id), FOREIGN KEY (group_id) REFERENCES auth_group (id) ON DELETE CASCADE,
    PRIMARY KEY(id)
) ENGINE=InnoDB CHARACTER SET utf8;
success!
timestamp: 2013-10-21T08:25:38.380773
CREATE TABLE auth_permission(
    id INT AUTO_INCREMENT NOT NULL,
    group_id INT, INDEX group_id__idx (group_id), FOREIGN KEY (group_id) REFERENCES auth_group (id) ON DELETE CASCADE,
    name VARCHAR(512),
    table_name VARCHAR(512),
    record_id INT,
    PRIMARY KEY(id)
) ENGINE=InnoDB CHARACTER SET utf8;
success!
timestamp: 2013-10-21T08:25:38.590345
CREATE TABLE auth_event(
    id INT AUTO_INCREMENT NOT NULL,
    time_stamp DATETIME,
    client_ip VARCHAR(512),
    user_id INT, INDEX user_id__idx (user_id), FOREIGN KEY (user_id) REFERENCES auth_user (id) ON DELETE CASCADE,
    origin VARCHAR(512),
    description LONGTEXT,
    PRIMARY KEY(id)
) ENGINE=InnoDB CHARACTER SET utf8;
success!
timestamp: 2013-10-21T08:25:38.838918
CREATE TABLE auth_cas(
    id INT AUTO_INCREMENT NOT NULL,
    user_id INT, INDEX user_id__idx (user_id), FOREIGN KEY (user_id) REFERENCES auth_user (id) ON DELETE CASCADE,
    created_on DATETIME,
    service VARCHAR(512),
    ticket VARCHAR(512),
    renew CHAR(1),
    PRIMARY KEY(id)
) ENGINE=InnoDB CHARACTER SET utf8;
success!
timestamp: 2013-10-21T08:25:39.048568
CREATE TABLE DEALERS(
    id INT AUTO_INCREMENT NOT NULL,
    dealer_name VARCHAR(512),
    office_add LONGTEXT,
    ship_add LONGTEXT,
    mobile VARCHAR(512),
    email VARCHAR(512),
    PRIMARY KEY(id)
) ENGINE=InnoDB CHARACTER SET utf8;
success!
timestamp: 2013-10-21T08:25:39.268085
CREATE TABLE PRODUCTS(
    id INT AUTO_INCREMENT NOT NULL,
    item_name VARCHAR(512),
    mrp INT NOT NULL,
    discount INT,
    dealer INT, INDEX dealer__idx (dealer), FOREIGN KEY (dealer) REFERENCES DEALERS (id) ON DELETE CASCADE,
    PRIMARY KEY(id)
) ENGINE=InnoDB CHARACTER SET utf8;
success!
timestamp: 2013-10-21T08:25:39.504532
CREATE TABLE CUSTOMERS(
    id INT AUTO_INCREMENT NOT NULL,
    cust_name VARCHAR(512),
    address LONGTEXT,
    mobile VARCHAR(512),
    email VARCHAR(512),
    PRIMARY KEY(id)
) ENGINE=InnoDB CHARACTER SET utf8;
success!
timestamp: 2013-10-21T08:25:39.723100
CREATE TABLE FBACK(
    id INT AUTO_INCREMENT NOT NULL,
    name VARCHAR(512),
    email VARCHAR(512),
    Feedback LONGTEXT,
    PRIMARY KEY(id)
) ENGINE=InnoDB CHARACTER SET utf8;
success!
timestamp: 2013-10-21T08:25:39.913443
CREATE TABLE BILLS(
    id INT AUTO_INCREMENT NOT NULL,
    customer INT, INDEX customer__idx (customer), FOREIGN KEY (customer) REFERENCES CUSTOMERS (id) ON DELETE CASCADE,
    total INT,
    net_total INT,
    PRIMARY KEY(id)
) ENGINE=InnoDB CHARACTER SET utf8;
success!
timestamp: 2013-10-21T08:25:40.125942
CREATE TABLE BILLITEMS(
    id INT AUTO_INCREMENT NOT NULL,
    bill INT, INDEX bill__idx (bill), FOREIGN KEY (bill) REFERENCES BILLS (id) ON DELETE CASCADE,
    product INT, INDEX product__idx (product), FOREIGN KEY (product) REFERENCES PRODUCTS (id) ON DELETE CASCADE,
    quantity INT,
    PRIMARY KEY(id)
) ENGINE=InnoDB CHARACTER SET utf8;
success!
timestamp: 2013-10-29T19:23:01.391992
ALTER TABLE DEALERS ADD dealer_name__tmp VARCHAR(<gluon.validators.IS_MATCH object at 0xada3710c>);
timestamp: 2013-10-29T19:23:45.328240
ALTER TABLE DEALERS ADD dealer_name__tmp VARCHAR(<gluon.validators.IS_MATCH object at 0xae6b968c>);
timestamp: 2013-10-29T19:48:43.655708
ALTER TABLE DEALERS ADD dealer_name__tmp VARCHAR(<gluon.validators.IS_MATCH object at 0xaf45b78c>);
